<?xml version="1.0" encoding="UTF-8"?>
<!-- Generated by org.testng.reporters.JUnitReportReporter -->
<testsuite hostname="DESKTOP-SON9RE9" failures="0" tests="1" name="demo.Login" time="2.916" errors="0" timestamp="2024-10-14T14:33:27 IST" skipped="0">
  <testcase classname="demo.Login" name="login" time="2.916"/>
  <system-out/>
</testsuite> <!-- demo.Login -->
