<?xml version="1.0" encoding="UTF-8"?>
<!-- Generated by org.testng.reporters.JUnitReportReporter -->
<testsuite hostname="DESKTOP-UB1VBSH" failures="0" tests="1" name="IGRS_Registration_of_Firm_Service.Registration_of_firm_01" time="107.275" errors="0" timestamp="2025-02-10T17:23:43 IST" skipped="0">
  <testcase classname="IGRS_Registration_of_Firm_Service.Registration_of_firm_01" name="firm_process" time="107.275"/>
  <system-out>
    <![CDATA[==>VALIDATION SUCCESSFUL//ELEMENT IS VISIBLE<==
==>VALIDATION SUCCESSFUL//ELEMENT IS ENABLED <==
==>VALIDATION SUCCESSFUL//ELEMENT IS VISIBLE<==
==>VALIDATION SUCCESSFUL//ELEMENT IS VISIBLE<==
==>VALIDATION SUCCESSFUL//ELEMENT IS ENABLED <==
==>VALIDATION SUCCESSFUL//ELEMENT IS VISIBLE<==
==>VALIDATION SUCCESSFUL//ELEMENT IS VISIBLE<==
==>VALIDATION SUCCESSFUL//ELEMENT IS VISIBLE<==
==>VALIDATION SUCCESSFUL//ELEMENT IS VISIBLE<==
==>VALIDATION SUCCESSFUL//ELEMENT IS ENABLED <==
==>VALIDATION SUCCESSFUL//ELEMENT IS VISIBLE<==
==>VALIDATION SUCCESSFUL//ELEMENT IS VISIBLE<==
==>VALIDATION SUCCESSFUL//ELEMENT IS ENABLED <==
==>VALIDATION SUCCESSFUL//ELEMENT IS VISIBLE<==
==>VALIDATION SUCCESSFUL//ELEMENT IS VISIBLE<==
==>VALIDATION SUCCESSFUL//ELEMENT IS ENABLED <==
==>VALIDATION SUCCESSFUL//ELEMENT IS VISIBLE<==
==>VALIDATION SUCCESSFUL//ELEMENT IS VISIBLE<==
==>VALIDATION SUCCESSFUL//ELEMENT IS VISIBLE<==
==>VALIDATION SUCCESSFUL//ELEMENT IS VISIBLE<==
==>VALIDATION SUCCESSFUL//ELEMENT IS ENABLED <==
==>VALIDATION SUCCESSFUL//ELEMENT IS VISIBLE<==
==>VALIDATION SUCCESSFUL//ELEMENT IS VISIBLE<==
==>VALIDATION SUCCESSFUL//ELEMENT IS ENABLED <==
==>VALIDATION SUCCESSFUL//ELEMENT IS VISIBLE<==
==>VALIDATION SUCCESSFUL//ELEMENT IS VISIBLE<==
==>VALIDATION SUCCESSFUL//ELEMENT IS ENABLED <==
==>VALIDATION SUCCESSFUL//ELEMENT IS VISIBLE<==
==>VALIDATION SUCCESSFUL//ELEMENT IS VISIBLE<==
==>VALIDATION SUCCESSFUL//ELEMENT IS ENABLED <==
==>VALIDATION SUCCESSFUL//ELEMENT IS VISIBLE<==
==>VALIDATION SUCCESSFUL//ELEMENT IS VISIBLE<==
==>VALIDATION SUCCESSFUL//ELEMENT IS ENABLED <==
==>VALIDATION SUCCESSFUL//ELEMENT IS VISIBLE<==
==>VALIDATION SUCCESSFUL//ELEMENT IS VISIBLE<==
==>VALIDATION SUCCESSFUL//ELEMENT IS ENABLED <==
==>VALIDATION SUCCESSFUL//ELEMENT IS VISIBLE<==
==>VALIDATION SUCCESSFUL//ELEMENT IS VISIBLE<==
==>VALIDATION SUCCESSFUL//ELEMENT IS ENABLED <==
==>VALIDATION SUCCESSFUL//ELEMENT IS VISIBLE<==
==>VALIDATION SUCCESSFUL//ELEMENT IS VISIBLE<==
==>VALIDATION SUCCESSFUL//ELEMENT IS ENABLED <==
==>VALIDATION SUCCESSFUL//ELEMENT IS VISIBLE<==
==>VALIDATION SUCCESSFUL//ELEMENT IS VISIBLE<==
==>VALIDATION SUCCESSFUL//ELEMENT IS ENABLED <==
==>VALIDATION SUCCESSFUL//ELEMENT IS VISIBLE<==
==>VALIDATION SUCCESSFUL//ELEMENT IS VISIBLE<==
==>VALIDATION SUCCESSFUL//ELEMENT IS VISIBLE<==
==>VALIDATION SUCCESSFUL//ELEMENT IS ENABLED <==
==>VALIDATION SUCCESSFUL//ELEMENT IS VISIBLE<==
==>VALIDATION SUCCESSFUL//ELEMENT IS VISIBLE<==
==>VALIDATION SUCCESSFUL//ELEMENT IS VISIBLE<==
==>VALIDATION SUCCESSFUL//ELEMENT IS ENABLED <==
==>VALIDATION SUCCESSFUL//ELEMENT IS VISIBLE<==
==>VALIDATION SUCCESSFUL//ELEMENT IS VISIBLE<==
==>VALIDATION SUCCESSFUL//ELEMENT IS ENABLED <==
==>VALIDATION SUCCESSFUL//ELEMENT IS VISIBLE<==
==>VALIDATION SUCCESSFUL//ELEMENT IS ENABLED <==]]>
  </system-out>
</testsuite> <!-- IGRS_Registration_of_Firm_Service.Registration_of_firm_01 -->
