<?xml version="1.0" encoding="UTF-8"?>
<!-- Generated by org.testng.reporters.JUnitReportReporter -->
<testsuite hostname="DESKTOP-UB1VBSH" failures="0" tests="1" name="Revenue_Income_Certificate_Service.Income_01" time="191.483" errors="0" timestamp="2025-02-04T17:53:48 IST" skipped="0">
  <testcase classname="Revenue_Income_Certificate_Service.Income_01" name="income_Certificate_Process" time="191.483"/>
  <system-out>
    <![CDATA[==>VALIDATION SUCCESSFUL//ELEMENT IS VISIBLE<==
==>VALIDATION SUCCESSFUL//ELEMENT IS ENABLED <==
==>VALIDATION SUCCESSFUL//ELEMENT IS VISIBLE<==
==>VALIDATION SUCCESSFUL//ELEMENT IS VISIBLE<==
==>VALIDATION SUCCESSFUL//ELEMENT IS VISIBLE<==
==>VALIDATION SUCCESSFUL//ELEMENT IS VISIBLE<==
==>VALIDATION SUCCESSFUL//ELEMENT IS ENABLED <==
==>VALIDATION SUCCESSFUL//ELEMENT IS VISIBLE<==
==>VALIDATION SUCCESSFUL//ELEMENT IS ENABLED <==
==>VALIDATION SUCCESSFUL//ELEMENT IS VISIBLE<==
==>VALIDATION SUCCESSFUL//ELEMENT IS ENABLED <==
==>VALIDATION SUCCESSFUL//ELEMENT IS VISIBLE<==
==>VALIDATION SUCCESSFUL//ELEMENT IS ENABLED <==
==>VALIDATION SUCCESSFUL//ELEMENT IS VISIBLE<==
==>VALIDATION SUCCESSFUL//ELEMENT IS ENABLED <==
==>VALIDATION SUCCESSFUL//ELEMENT IS VISIBLE<==
==>VALIDATION SUCCESSFUL//ELEMENT IS ENABLED <==
==>VALIDATION SUCCESSFUL//ELEMENT IS VISIBLE<==
==>VALIDATION SUCCESSFUL//ELEMENT IS ENABLED <==
==>VALIDATION SUCCESSFUL//ELEMENT IS VISIBLE<==
==>VALIDATION SUCCESSFUL//ELEMENT IS ENABLED <==
==>VALIDATION SUCCESSFUL//ELEMENT IS VISIBLE<==
==>VALIDATION SUCCESSFUL//ELEMENT IS ENABLED <==
==>VALIDATION SUCCESSFUL//ELEMENT IS VISIBLE<==
==>VALIDATION SUCCESSFUL//ELEMENT IS ENABLED <==
==>VALIDATION SUCCESSFUL//ELEMENT IS VISIBLE<==
==>VALIDATION SUCCESSFUL//ELEMENT IS ENABLED <==
==>VALIDATION SUCCESSFUL//ELEMENT IS VISIBLE<==
==>VALIDATION SUCCESSFUL//ELEMENT IS ENABLED <==
==>VALIDATION SUCCESSFUL//ELEMENT IS VISIBLE<==
==>VALIDATION SUCCESSFUL//ELEMENT IS ENABLED <==
==>VALIDATION SUCCESSFUL//ELEMENT IS VISIBLE<==
==>VALIDATION SUCCESSFUL//ELEMENT IS ENABLED <==
==>VALIDATION SUCCESSFUL//ELEMENT IS VISIBLE<==
==>VALIDATION SUCCESSFUL//ELEMENT IS ENABLED <==
==>VALIDATION SUCCESSFUL//ELEMENT IS VISIBLE<==
==>VALIDATION SUCCESSFUL//ELEMENT IS ENABLED <==
==>VALIDATION SUCCESSFUL//ELEMENT IS VISIBLE<==
==>VALIDATION SUCCESSFUL//ELEMENT IS ENABLED <==
==>VALIDATION SUCCESSFUL//ELEMENT IS VISIBLE<==
==>VALIDATION SUCCESSFUL//ELEMENT IS ENABLED <==
==>VALIDATION SUCCESSFUL//ELEMENT IS VISIBLE<==
==>VALIDATION SUCCESSFUL//ELEMENT IS ENABLED <==
==>VALIDATION SUCCESSFUL//ELEMENT IS VISIBLE<==
==>VALIDATION SUCCESSFUL//ELEMENT IS ENABLED <==
==>VALIDATION SUCCESSFUL//ELEMENT IS VISIBLE<==
==>VALIDATION SUCCESSFUL//ELEMENT IS ENABLED <==
==>VALIDATION SUCCESSFUL//ELEMENT IS VISIBLE<==
==>VALIDATION SUCCESSFUL//ELEMENT IS ENABLED <==
==>VALIDATION SUCCESSFUL//ELEMENT IS VISIBLE<==
==>VALIDATION SUCCESSFUL//ELEMENT IS ENABLED <==
ELEMENT IS READ-ONLY
==>VALIDATION SUCCESSFUL//ELEMENT IS VISIBLE<==
==>VALIDATION SUCCESSFUL//ELEMENT IS ENABLED <==
==>VALIDATION SUCCESSFUL//ELEMENT IS VISIBLE<==
==>VALIDATION SUCCESSFUL//ELEMENT IS ENABLED <==
==>VALIDATION SUCCESSFUL//ELEMENT IS VISIBLE<==
==>VALIDATION SUCCESSFUL//ELEMENT IS ENABLED <==
==>VALIDATION SUCCESSFUL//ELEMENT IS VISIBLE<==
==>VALIDATION SUCCESSFUL//ELEMENT IS ENABLED <==
==>VALIDATION SUCCESSFUL//ELEMENT IS VISIBLE<==
==>VALIDATION SUCCESSFUL//ELEMENT IS ENABLED <==
==>VALIDATION SUCCESSFUL//ELEMENT IS VISIBLE<==
==>VALIDATION SUCCESSFUL//ELEMENT IS VISIBLE<==
==>VALIDATION SUCCESSFUL//ELEMENT IS VISIBLE<==
==>VALIDATION SUCCESSFUL//ELEMENT IS ENABLED <==
==>VALIDATION SUCCESSFUL//ELEMENT IS VISIBLE<==
==>VALIDATION SUCCESSFUL//ELEMENT IS DISABLED <==
==>VALIDATION SUCCESSFUL//ELEMENT IS VISIBLE<==
==>VALIDATION SUCCESSFUL//ELEMENT IS DISABLED <==
==>VALIDATION SUCCESSFUL//ELEMENT IS VISIBLE<==
==>VALIDATION SUCCESSFUL//ELEMENT IS DISABLED <==
==>VALIDATION SUCCESSFUL//ELEMENT IS VISIBLE<==
==>VALIDATION SUCCESSFUL//ELEMENT IS VISIBLE<==
==>VALIDATION SUCCESSFUL//ELEMENT IS VISIBLE<==
==>VALIDATION SUCCESSFUL//ELEMENT IS VISIBLE<==
==>VALIDATION SUCCESSFUL//ELEMENT IS VISIBLE<==
==>VALIDATION SUCCESSFUL//ELEMENT IS VISIBLE<==]]>
  </system-out>
</testsuite> <!-- Revenue_Income_Certificate_Service.Income_01 -->
