<?xml version="1.0" encoding="UTF-8"?>
<!-- Generated by org.testng.reporters.JUnitReportReporter -->
<testsuite hostname="DESKTOP-UB1VBSH" failures="0" tests="1" name="Registration_Process.Registration_01" time="92.423" errors="0" timestamp="2025-01-31T17:10:08 IST" skipped="0">
  <testcase classname="Registration_Process.Registration_01" name="validateRegProcess" time="92.423"/>
  <system-out/>
</testsuite> <!-- Registration_Process.Registration_01 -->
