<?xml version="1.0" encoding="UTF-8"?>
<!-- Generated by org.testng.reporters.JUnitReportReporter -->
<testsuite hostname="DESKTOP-BN8OQH5" failures="0" tests="1" name="Revenue_Residence_Certificate_Service.residence_application_01" time="283.394" errors="0" timestamp="2025-02-08T01:12:19 IST" skipped="0">
  <testcase classname="Revenue_Residence_Certificate_Service.residence_application_01" name="residence_process_01" time="283.394"/>
  <system-out>
    <![CDATA[==>VALIDATION SUCCESSFUL//ELEMENT IS VISIBLE<==
==>VALIDATION SUCCESSFUL//ELEMENT IS VISIBLE<==
==>VALIDATION SUCCESSFUL//ELEMENT IS VISIBLE<==
==>VALIDATION SUCCESSFUL//ELEMENT IS VISIBLE<==
==>VALIDATION SUCCESSFUL//ELEMENT IS VISIBLE<==
==>VALIDATION SUCCESSFUL//ELEMENT IS VISIBLE<==
==>VALIDATION SUCCESSFUL//ELEMENT IS ENABLED <==
==>VALIDATION SUCCESSFUL//ELEMENT IS VISIBLE<==
==>VALIDATION SUCCESSFUL//ELEMENT IS VISIBLE<==
==>VALIDATION SUCCESSFUL//ELEMENT IS ENABLED <==
==>VALIDATION SUCCESSFUL//ELEMENT IS VISIBLE<==
==>VALIDATION SUCCESSFUL//ELEMENT IS VISIBLE<==
==>VALIDATION SUCCESSFUL//ELEMENT IS ENABLED <==
==>VALIDATION SUCCESSFUL//ELEMENT IS VISIBLE<==
==>VALIDATION SUCCESSFUL//ELEMENT IS VISIBLE<==
==>VALIDATION SUCCESSFUL//ELEMENT IS ENABLED <==
==>VALIDATION SUCCESSFUL//ELEMENT IS VISIBLE<==
==>VALIDATION SUCCESSFUL//ELEMENT IS VISIBLE<==
==>VALIDATION SUCCESSFUL//ELEMENT IS ENABLED <==
==>VALIDATION SUCCESSFUL//ELEMENT IS VISIBLE<==
==>VALIDATION SUCCESSFUL//ELEMENT IS VISIBLE<==
==>VALIDATION SUCCESSFUL//ELEMENT IS ENABLED <==
==>VALIDATION SUCCESSFUL//ELEMENT IS VISIBLE<==
==>VALIDATION SUCCESSFUL//ELEMENT IS VISIBLE<==
==>VALIDATION SUCCESSFUL//ELEMENT IS VISIBLE<==
==>VALIDATION SUCCESSFUL//ELEMENT IS ENABLED <==
==>VALIDATION SUCCESSFUL//ELEMENT IS VISIBLE<==
==>VALIDATION SUCCESSFUL//ELEMENT IS VISIBLE<==
==>VALIDATION SUCCESSFUL//ELEMENT IS ENABLED <==
==>VALIDATION SUCCESSFUL//ELEMENT IS VISIBLE<==
==>VALIDATION SUCCESSFUL//ELEMENT IS VISIBLE<==
==>VALIDATION SUCCESSFUL//ELEMENT IS ENABLED <==
==>VALIDATION SUCCESSFUL//ELEMENT IS VISIBLE<==
==>VALIDATION SUCCESSFUL//ELEMENT IS VISIBLE<==
==>VALIDATION SUCCESSFUL//ELEMENT IS ENABLED <==
==>VALIDATION SUCCESSFUL//ELEMENT IS VISIBLE<==
==>VALIDATION SUCCESSFUL//ELEMENT IS VISIBLE<==
==>VALIDATION SUCCESSFUL//ELEMENT IS ENABLED <==
==>VALIDATION SUCCESSFUL//ELEMENT IS VISIBLE<==
==>VALIDATION SUCCESSFUL//ELEMENT IS VISIBLE<==
==>VALIDATION SUCCESSFUL//ELEMENT IS ENABLED <==
==>VALIDATION SUCCESSFUL//ELEMENT IS VISIBLE<==
==>VALIDATION SUCCESSFUL//ELEMENT IS VISIBLE<==
==>VALIDATION SUCCESSFUL//ELEMENT IS ENABLED <==
==>VALIDATION SUCCESSFUL//ELEMENT IS VISIBLE<==
==>VALIDATION SUCCESSFUL//ELEMENT IS VISIBLE<==
==>VALIDATION SUCCESSFUL//ELEMENT IS VISIBLE<==
==>VALIDATION SUCCESSFUL//ELEMENT IS ENABLED <==
==>VALIDATION SUCCESSFUL//ELEMENT IS VISIBLE<==
==>VALIDATION SUCCESSFUL//ELEMENT IS VISIBLE<==
==>VALIDATION SUCCESSFUL//ELEMENT IS ENABLED <==
==>VALIDATION SUCCESSFUL//ELEMENT IS VISIBLE<==
==>VALIDATION SUCCESSFUL//ELEMENT IS ENABLED <==
==>VALIDATION SUCCESSFUL//ELEMENT IS VISIBLE<==
==>VALIDATION SUCCESSFUL//ELEMENT IS VISIBLE<==
==>VALIDATION SUCCESSFUL//ELEMENT IS ENABLED <==
==>VALIDATION SUCCESSFUL//ELEMENT IS VISIBLE<==
==>VALIDATION SUCCESSFUL//ELEMENT IS ENABLED <==
==>VALIDATION SUCCESSFUL//ELEMENT IS VISIBLE<==
==>VALIDATION SUCCESSFUL//ELEMENT IS VISIBLE<==
==>VALIDATION SUCCESSFUL//ELEMENT IS ENABLED <==
==>VALIDATION SUCCESSFUL//ELEMENT IS VISIBLE<==
==>VALIDATION SUCCESSFUL//ELEMENT IS VISIBLE<==
==>VALIDATION SUCCESSFUL//ELEMENT IS ENABLED <==
==>VALIDATION SUCCESSFUL//ELEMENT IS VISIBLE<==
==>VALIDATION SUCCESSFUL//ELEMENT IS VISIBLE<==
==>VALIDATION SUCCESSFUL//ELEMENT IS ENABLED <==
==>VALIDATION SUCCESSFUL//ELEMENT IS VISIBLE<==
==>VALIDATION SUCCESSFUL//ELEMENT IS ENABLED <==
==>VALIDATION SUCCESSFUL//ELEMENT IS VISIBLE<==
==>VALIDATION SUCCESSFUL//ELEMENT IS ENABLED <==
==>VALIDATION SUCCESSFUL//ELEMENT IS VISIBLE<==
==>VALIDATION SUCCESSFUL//ELEMENT IS ENABLED <==
==>VALIDATION SUCCESSFUL//ELEMENT IS VISIBLE<==
==>VALIDATION SUCCESSFUL//ELEMENT IS VISIBLE<==
==>VALIDATION SUCCESSFUL//ELEMENT IS VISIBLE<==
==>VALIDATION SUCCESSFUL//ELEMENT IS VISIBLE<==
==>VALIDATION SUCCESSFUL//ELEMENT IS VISIBLE<==
==>VALIDATION SUCCESSFUL//ELEMENT IS VISIBLE<==
==>VALIDATION SUCCESSFUL//ELEMENT IS VISIBLE<==
==>VALIDATION SUCCESSFUL//ELEMENT IS VISIBLE<==
==>VALIDATION SUCCESSFUL//ELEMENT IS VISIBLE<==
==>VALIDATION SUCCESSFUL//ELEMENT IS VISIBLE<==]]>
  </system-out>
</testsuite> <!-- Revenue_Residence_Certificate_Service.residence_application_01 -->
