<?xml version="1.0" encoding="UTF-8"?>
<!-- Generated by org.testng.reporters.JUnitReportReporter -->
<testsuite hostname="DESKTOP-BN8OQH5" failures="0" tests="1" name="Revenue_Residence_Certificate_Service.residence_Dept_01" time="250.995" errors="0" timestamp="2025-02-08T17:14:31 IST" skipped="0">
  <testcase classname="Revenue_Residence_Certificate_Service.residence_Dept_01" name="residence_dept_process_01" time="250.995"/>
  <system-out>
    <![CDATA[==>VALIDATION SUCCESSFUL//ELEMENT IS VISIBLE<==
==>VALIDATION SUCCESSFUL//ELEMENT IS VISIBLE<==
==>VALIDATION SUCCESSFUL//ELEMENT IS VISIBLE<==
==>VALIDATION SUCCESSFUL//ELEMENT IS VISIBLE<==
==>VALIDATION SUCCESSFUL//ELEMENT IS VISIBLE<==
==>VALIDATION SUCCESSFUL//ELEMENT IS VISIBLE<==
==>VALIDATION SUCCESSFUL//ELEMENT IS ENABLED <==
==>VALIDATION SUCCESSFUL//ELEMENT IS VISIBLE<==
==>VALIDATION SUCCESSFUL//ELEMENT IS VISIBLE<==
==>VALIDATION SUCCESSFUL//ELEMENT IS ENABLED <==
==>VALIDATION SUCCESSFUL//ELEMENT IS VISIBLE<==
==>VALIDATION SUCCESSFUL//ELEMENT IS VISIBLE<==
==>VALIDATION SUCCESSFUL//ELEMENT IS ENABLED <==
==>VALIDATION SUCCESSFUL//ELEMENT IS VISIBLE<==
==>VALIDATION SUCCESSFUL//ELEMENT IS VISIBLE<==
==>VALIDATION SUCCESSFUL//ELEMENT IS VISIBLE<==
==>VALIDATION SUCCESSFUL//ELEMENT IS VISIBLE<==
==>VALIDATION SUCCESSFUL//ELEMENT IS VISIBLE<==
==>VALIDATION SUCCESSFUL//ELEMENT IS ENABLED <==
==>VALIDATION SUCCESSFUL//ELEMENT IS VISIBLE<==
==>VALIDATION SUCCESSFUL//ELEMENT IS VISIBLE<==
==>VALIDATION SUCCESSFUL//ELEMENT IS ENABLED <==
==>VALIDATION SUCCESSFUL//ELEMENT IS VISIBLE<==
==>VALIDATION SUCCESSFUL//ELEMENT IS ENABLED <==
==>VALIDATION SUCCESSFUL//ELEMENT IS VISIBLE<==
==>VALIDATION SUCCESSFUL//ELEMENT IS ENABLED <==
==>VALIDATION SUCCESSFUL//ELEMENT IS VISIBLE<==
==>VALIDATION SUCCESSFUL//ELEMENT IS ENABLED <==
==>VALIDATION SUCCESSFUL//ELEMENT IS VISIBLE<==
==>VALIDATION SUCCESSFUL//ELEMENT IS ENABLED <==
==>VALIDATION SUCCESSFUL//ELEMENT IS VISIBLE<==
==>VALIDATION SUCCESSFUL//ELEMENT IS ENABLED <==
==>VALIDATION SUCCESSFUL//ELEMENT IS VISIBLE<==
==>VALIDATION SUCCESSFUL//ELEMENT IS ENABLED <==
==>VALIDATION SUCCESSFUL//ELEMENT IS VISIBLE<==
==>VALIDATION SUCCESSFUL//ELEMENT IS ENABLED <==
==>VALIDATION SUCCESSFUL//ELEMENT IS VISIBLE<==
==>VALIDATION SUCCESSFUL//ELEMENT IS VISIBLE<==
==>VALIDATION SUCCESSFUL//ELEMENT IS VISIBLE<==
==>VALIDATION SUCCESSFUL//ELEMENT IS ENABLED <==
==>VALIDATION SUCCESSFUL//ELEMENT IS VISIBLE<==
==>VALIDATION SUCCESSFUL//ELEMENT IS VISIBLE<==
==>VALIDATION SUCCESSFUL//ELEMENT IS ENABLED <==
==>VALIDATION SUCCESSFUL//ELEMENT IS VISIBLE<==
==>VALIDATION SUCCESSFUL//ELEMENT IS VISIBLE<==
==>VALIDATION SUCCESSFUL//ELEMENT IS ENABLED <==
==>VALIDATION SUCCESSFUL//ELEMENT IS VISIBLE<==
==>VALIDATION SUCCESSFUL//ELEMENT IS VISIBLE<==
==>VALIDATION SUCCESSFUL//ELEMENT IS ENABLED <==
==>VALIDATION SUCCESSFUL//ELEMENT IS VISIBLE<==
==>VALIDATION SUCCESSFUL//ELEMENT IS VISIBLE<==
==>VALIDATION SUCCESSFUL//ELEMENT IS ENABLED <==
==>VALIDATION SUCCESSFUL//ELEMENT IS VISIBLE<==
==>VALIDATION SUCCESSFUL//ELEMENT IS VISIBLE<==
==>VALIDATION SUCCESSFUL//ELEMENT IS ENABLED <==
==>VALIDATION SUCCESSFUL//ELEMENT IS VISIBLE<==
==>VALIDATION SUCCESSFUL//ELEMENT IS VISIBLE<==
==>VALIDATION SUCCESSFUL//ELEMENT IS ENABLED <==
==>VALIDATION SUCCESSFUL//ELEMENT IS VISIBLE<==
==>VALIDATION SUCCESSFUL//ELEMENT IS VISIBLE<==
==>VALIDATION SUCCESSFUL//ELEMENT IS ENABLED <==
==>VALIDATION SUCCESSFUL//ELEMENT IS VISIBLE<==
==>VALIDATION SUCCESSFUL//ELEMENT IS VISIBLE<==
==>VALIDATION SUCCESSFUL//ELEMENT IS ENABLED <==
==>VALIDATION SUCCESSFUL//ELEMENT IS VISIBLE<==
==>VALIDATION SUCCESSFUL//ELEMENT IS VISIBLE<==
==>VALIDATION SUCCESSFUL//ELEMENT IS VISIBLE<==
==>VALIDATION SUCCESSFUL//ELEMENT IS ENABLED <==
==>VALIDATION SUCCESSFUL//ELEMENT IS VISIBLE<==
==>VALIDATION SUCCESSFUL//ELEMENT IS VISIBLE<==
==>VALIDATION SUCCESSFUL//ELEMENT IS ENABLED <==
==>VALIDATION SUCCESSFUL//ELEMENT IS VISIBLE<==
==>VALIDATION SUCCESSFUL//ELEMENT IS VISIBLE<==
==>VALIDATION SUCCESSFUL//ELEMENT IS ENABLED <==
==>VALIDATION SUCCESSFUL//ELEMENT IS VISIBLE<==
==>VALIDATION SUCCESSFUL//ELEMENT IS VISIBLE<==
==>VALIDATION SUCCESSFUL//ELEMENT IS ENABLED <==
==>VALIDATION SUCCESSFUL//ELEMENT IS VISIBLE<==
==>VALIDATION SUCCESSFUL//ELEMENT IS VISIBLE<==
==>VALIDATION SUCCESSFUL//ELEMENT IS ENABLED <==
==>VALIDATION SUCCESSFUL//ELEMENT IS VISIBLE<==
==>VALIDATION SUCCESSFUL//ELEMENT IS VISIBLE<==
==>VALIDATION SUCCESSFUL//ELEMENT IS ENABLED <==
==>VALIDATION SUCCESSFUL//ELEMENT IS VISIBLE<==
==>VALIDATION SUCCESSFUL//ELEMENT IS VISIBLE<==
==>VALIDATION SUCCESSFUL//ELEMENT IS DISABLED <==
==>VALIDATION SUCCESSFUL//ELEMENT IS VISIBLE<==
==>VALIDATION SUCCESSFUL//ELEMENT IS VISIBLE<==
==>VALIDATION SUCCESSFUL//ELEMENT IS DISABLED <==
==>VALIDATION SUCCESSFUL//ELEMENT IS VISIBLE<==
==>VALIDATION SUCCESSFUL//ELEMENT IS VISIBLE<==
==>VALIDATION SUCCESSFUL//ELEMENT IS ENABLED <==
==>VALIDATION SUCCESSFUL//ELEMENT IS VISIBLE<==
==>VALIDATION SUCCESSFUL//ELEMENT IS VISIBLE<==
==>VALIDATION SUCCESSFUL//ELEMENT IS ENABLED <==
==>VALIDATION SUCCESSFUL//ELEMENT IS VISIBLE<==
==>VALIDATION SUCCESSFUL//ELEMENT IS VISIBLE<==
==>VALIDATION SUCCESSFUL//ELEMENT IS ENABLED <==
==>VALIDATION SUCCESSFUL//ELEMENT IS VISIBLE<==
==>VALIDATION FAIL//ELEMENT IS NOT VISIBLE<==
==>VALIDATION SUCCESSFUL//ELEMENT IS ENABLED <==
==>VALIDATION SUCCESSFUL//ELEMENT IS VISIBLE<==
==>VALIDATION FAIL//ELEMENT IS NOT VISIBLE<==
==>VALIDATION SUCCESSFUL//ELEMENT IS ENABLED <==
==>VALIDATION SUCCESSFUL//ELEMENT IS VISIBLE<==
==>VALIDATION FAIL//ELEMENT IS NOT VISIBLE<==
==>VALIDATION SUCCESSFUL//ELEMENT IS ENABLED <==
==>VALIDATION SUCCESSFUL//ELEMENT IS VISIBLE<==
==>VALIDATION FAIL//ELEMENT IS NOT VISIBLE<==
==>VALIDATION SUCCESSFUL//ELEMENT IS ENABLED <==
==>VALIDATION SUCCESSFUL//ELEMENT IS VISIBLE<==
==>VALIDATION FAIL//ELEMENT IS NOT VISIBLE<==
==>VALIDATION SUCCESSFUL//ELEMENT IS ENABLED <==
==>VALIDATION SUCCESSFUL//ELEMENT IS VISIBLE<==
==>VALIDATION SUCCESSFUL//ELEMENT IS VISIBLE<==
==>VALIDATION SUCCESSFUL//ELEMENT IS ENABLED <==
==>VALIDATION SUCCESSFUL//ELEMENT IS VISIBLE<==
==>VALIDATION SUCCESSFUL//ELEMENT IS VISIBLE<==
==>VALIDATION SUCCESSFUL//ELEMENT IS ENABLED <==
==>VALIDATION SUCCESSFUL//ELEMENT IS VISIBLE<==
==>VALIDATION SUCCESSFUL//ELEMENT IS VISIBLE<==
==>VALIDATION SUCCESSFUL//ELEMENT IS ENABLED <==
==>VALIDATION SUCCESSFUL//ELEMENT IS VISIBLE<==
==>VALIDATION SUCCESSFUL//ELEMENT IS VISIBLE<==
==>VALIDATION SUCCESSFUL//ELEMENT IS ENABLED <==
==>VALIDATION SUCCESSFUL//ELEMENT IS VISIBLE<==
==>VALIDATION SUCCESSFUL//ELEMENT IS VISIBLE<==
==>VALIDATION SUCCESSFUL//ELEMENT IS VISIBLE<==
==>VALIDATION SUCCESSFUL//ELEMENT IS VISIBLE<==
==>VALIDATION SUCCESSFUL//ELEMENT IS VISIBLE<==
==>VALIDATION SUCCESSFUL//ELEMENT IS VISIBLE<==
==>VALIDATION SUCCESSFUL//ELEMENT IS VISIBLE<==
==>VALIDATION SUCCESSFUL//ELEMENT IS VISIBLE<==
==>VALIDATION SUCCESSFUL//ELEMENT IS VISIBLE<==
==>VALIDATION SUCCESSFUL//ELEMENT IS VISIBLE<==
==>VALIDATION SUCCESSFUL//ELEMENT IS VISIBLE<==
==>VALIDATION SUCCESSFUL//ELEMENT IS VISIBLE<==
==>VALIDATION SUCCESSFUL//ELEMENT IS VISIBLE<==
==>VALIDATION SUCCESSFUL//ELEMENT IS VISIBLE<==
==>VALIDATION SUCCESSFUL//ELEMENT IS VISIBLE<==
==>VALIDATION SUCCESSFUL//ELEMENT IS VISIBLE<==]]>
  </system-out>
</testsuite> <!-- Revenue_Residence_Certificate_Service.residence_Dept_01 -->
