<?xml version="1.0" encoding="UTF-8"?>
<!-- Generated by org.testng.reporters.JUnitReportReporter -->
<testsuite hostname="DESKTOP-BN8OQH5" failures="0" tests="1" name="GHMC_Birth_Certificate_Service.Birth_Application_01" time="507.443" errors="0" timestamp="2025-02-09T16:54:01 IST" skipped="0">
  <testcase classname="GHMC_Birth_Certificate_Service.Birth_Application_01" name="birth_process_01" time="507.443"/>
  <system-out>
    <![CDATA[==>VALIDATION SUCCESSFUL//ELEMENT IS VISIBLE<==
==>VALIDATION SUCCESSFUL//ELEMENT IS VISIBLE<==
==>VALIDATION SUCCESSFUL//ELEMENT IS VISIBLE<==
==>VALIDATION SUCCESSFUL//ELEMENT IS ENABLED <==
==>VALIDATION SUCCESSFUL//ELEMENT IS VISIBLE<==
==>VALIDATION SUCCESSFUL//ELEMENT IS VISIBLE<==
==>VALIDATION SUCCESSFUL//ELEMENT IS ENABLED <==
==>VALIDATION SUCCESSFUL//ELEMENT IS VISIBLE<==
==>VALIDATION SUCCESSFUL//ELEMENT IS VISIBLE<==
==>VALIDATION SUCCESSFUL//ELEMENT IS ENABLED <==
==>VALIDATION SUCCESSFUL//ELEMENT IS VISIBLE<==
==>VALIDATION SUCCESSFUL//ELEMENT IS VISIBLE<==
==>VALIDATION SUCCESSFUL//ELEMENT IS VISIBLE<==
==>VALIDATION SUCCESSFUL//ELEMENT IS VISIBLE<==
==>VALIDATION SUCCESSFUL//ELEMENT IS VISIBLE<==
==>VALIDATION SUCCESSFUL//ELEMENT IS VISIBLE<==
==>VALIDATION SUCCESSFUL//ELEMENT IS VISIBLE<==
==>VALIDATION SUCCESSFUL//ELEMENT IS VISIBLE<==
==>VALIDATION SUCCESSFUL//ELEMENT IS VISIBLE<==
==>VALIDATION SUCCESSFUL//ELEMENT IS VISIBLE<==
==>VALIDATION SUCCESSFUL//ELEMENT IS VISIBLE<==
==>VALIDATION SUCCESSFUL//ELEMENT IS VISIBLE<==
==>VALIDATION SUCCESSFUL//ELEMENT IS ENABLED <==
==>VALIDATION SUCCESSFUL//ELEMENT IS VISIBLE<==
==>VALIDATION SUCCESSFUL//ELEMENT IS VISIBLE<==
==>VALIDATION SUCCESSFUL//ELEMENT IS ENABLED <==
==>VALIDATION SUCCESSFUL//ELEMENT IS VISIBLE<==
==>VALIDATION SUCCESSFUL//ELEMENT IS VISIBLE<==
==>VALIDATION SUCCESSFUL//ELEMENT IS ENABLED <==
==>VALIDATION SUCCESSFUL//ELEMENT IS VISIBLE<==
==>VALIDATION SUCCESSFUL//ELEMENT IS VISIBLE<==
==>VALIDATION SUCCESSFUL//ELEMENT IS ENABLED <==
==>VALIDATION SUCCESSFUL//ELEMENT IS VISIBLE<==
==>VALIDATION SUCCESSFUL//ELEMENT IS VISIBLE<==
==>VALIDATION SUCCESSFUL//ELEMENT IS ENABLED <==
==>VALIDATION SUCCESSFUL//ELEMENT IS VISIBLE<==
==>VALIDATION SUCCESSFUL//ELEMENT IS VISIBLE<==
==>VALIDATION SUCCESSFUL//ELEMENT IS ENABLED <==
==>VALIDATION SUCCESSFUL//ELEMENT IS VISIBLE<==
==>VALIDATION SUCCESSFUL//ELEMENT IS VISIBLE<==
==>VALIDATION SUCCESSFUL//ELEMENT IS ENABLED <==
==>VALIDATION SUCCESSFUL//ELEMENT IS VISIBLE<==
==>VALIDATION SUCCESSFUL//ELEMENT IS VISIBLE<==
==>VALIDATION SUCCESSFUL//ELEMENT IS ENABLED <==
==>VALIDATION SUCCESSFUL//ELEMENT IS VISIBLE<==
==>VALIDATION SUCCESSFUL//ELEMENT IS VISIBLE<==
==>VALIDATION SUCCESSFUL//ELEMENT IS ENABLED <==
==>VALIDATION SUCCESSFUL//ELEMENT IS VISIBLE<==
==>VALIDATION SUCCESSFUL//ELEMENT IS VISIBLE<==
==>VALIDATION SUCCESSFUL//ELEMENT IS ENABLED <==
==>VALIDATION SUCCESSFUL//ELEMENT IS VISIBLE<==
==>VALIDATION SUCCESSFUL//ELEMENT IS VISIBLE<==
==>VALIDATION SUCCESSFUL//ELEMENT IS ENABLED <==
==>VALIDATION SUCCESSFUL//ELEMENT IS VISIBLE<==
==>VALIDATION SUCCESSFUL//ELEMENT IS VISIBLE<==
==>VALIDATION SUCCESSFUL//ELEMENT IS ENABLED <==
==>VALIDATION SUCCESSFUL//ELEMENT IS VISIBLE<==
==>VALIDATION FAIL//ELEMENT IS NOT VISIBLE<==
==>VALIDATION SUCCESSFUL//ELEMENT IS ENABLED <==
==>VALIDATION SUCCESSFUL//ELEMENT IS VISIBLE<==
==>VALIDATION SUCCESSFUL//ELEMENT IS VISIBLE<==
==>VALIDATION SUCCESSFUL//ELEMENT IS ENABLED <==
==>VALIDATION SUCCESSFUL//ELEMENT IS VISIBLE<==
==>VALIDATION SUCCESSFUL//ELEMENT IS VISIBLE<==
==>VALIDATION SUCCESSFUL//ELEMENT IS ENABLED <==
==>VALIDATION SUCCESSFUL//ELEMENT IS VISIBLE<==
==>VALIDATION FAIL//ELEMENT IS NOT VISIBLE<==
==>VALIDATION SUCCESSFUL//ELEMENT IS ENABLED <==
==>VALIDATION SUCCESSFUL//ELEMENT IS VISIBLE<==
==>VALIDATION SUCCESSFUL//ELEMENT IS VISIBLE<==
==>VALIDATION SUCCESSFUL//ELEMENT IS VISIBLE<==
==>VALIDATION SUCCESSFUL//ELEMENT IS ENABLED <==
==>VALIDATION SUCCESSFUL//ELEMENT IS VISIBLE<==
==>VALIDATION SUCCESSFUL//ELEMENT IS VISIBLE<==
==>VALIDATION SUCCESSFUL//ELEMENT IS ENABLED <==
==>VALIDATION SUCCESSFUL//ELEMENT IS VISIBLE<==
==>VALIDATION SUCCESSFUL//ELEMENT IS VISIBLE<==
==>VALIDATION SUCCESSFUL//ELEMENT IS ENABLED <==
==>VALIDATION SUCCESSFUL//ELEMENT IS VISIBLE<==
==>VALIDATION SUCCESSFUL//ELEMENT IS VISIBLE<==
==>VALIDATION SUCCESSFUL//ELEMENT IS ENABLED <==
==>VALIDATION SUCCESSFUL//ELEMENT IS VISIBLE<==
==>VALIDATION SUCCESSFUL//ELEMENT IS VISIBLE<==
==>VALIDATION SUCCESSFUL//ELEMENT IS ENABLED <==
==>VALIDATION SUCCESSFUL//ELEMENT IS VISIBLE<==
==>VALIDATION SUCCESSFUL//ELEMENT IS VISIBLE<==
==>VALIDATION SUCCESSFUL//ELEMENT IS ENABLED <==
==>VALIDATION SUCCESSFUL//ELEMENT IS VISIBLE<==
==>VALIDATION SUCCESSFUL//ELEMENT IS VISIBLE<==
==>VALIDATION SUCCESSFUL//ELEMENT IS ENABLED <==
==>VALIDATION SUCCESSFUL//ELEMENT IS VISIBLE<==
==>VALIDATION SUCCESSFUL//ELEMENT IS VISIBLE<==
==>VALIDATION SUCCESSFUL//ELEMENT IS ENABLED <==
==>VALIDATION SUCCESSFUL//ELEMENT IS VISIBLE<==
==>VALIDATION SUCCESSFUL//ELEMENT IS VISIBLE<==
==>VALIDATION SUCCESSFUL//ELEMENT IS ENABLED <==
==>VALIDATION SUCCESSFUL//ELEMENT IS VISIBLE<==
==>VALIDATION SUCCESSFUL//ELEMENT IS VISIBLE<==
==>VALIDATION SUCCESSFUL//ELEMENT IS ENABLED <==
==>VALIDATION SUCCESSFUL//ELEMENT IS VISIBLE<==
==>VALIDATION SUCCESSFUL//ELEMENT IS VISIBLE<==
==>VALIDATION SUCCESSFUL//ELEMENT IS ENABLED <==
==>VALIDATION SUCCESSFUL//ELEMENT IS VISIBLE<==
==>VALIDATION SUCCESSFUL//ELEMENT IS VISIBLE<==
==>VALIDATION SUCCESSFUL//ELEMENT IS VISIBLE<==
==>VALIDATION SUCCESSFUL//ELEMENT IS ENABLED <==
==>VALIDATION SUCCESSFUL//ELEMENT IS VISIBLE<==
==>VALIDATION SUCCESSFUL//ELEMENT IS ENABLED <==
==>VALIDATION SUCCESSFUL//ELEMENT IS VISIBLE<==
==>VALIDATION SUCCESSFUL//ELEMENT IS ENABLED <==
==>VALIDATION SUCCESSFUL//ELEMENT IS VISIBLE<==
==>VALIDATION SUCCESSFUL//ELEMENT IS ENABLED <==
==>VALIDATION SUCCESSFUL//ELEMENT IS VISIBLE<==
==>VALIDATION SUCCESSFUL//ELEMENT IS ENABLED <==
==>VALIDATION SUCCESSFUL//ELEMENT IS VISIBLE<==
==>VALIDATION SUCCESSFUL//ELEMENT IS VISIBLE<==
==>VALIDATION SUCCESSFUL//ELEMENT IS VISIBLE<==
==>VALIDATION SUCCESSFUL//ELEMENT IS VISIBLE<==
==>VALIDATION SUCCESSFUL//ELEMENT IS VISIBLE<==
==>VALIDATION SUCCESSFUL//ELEMENT IS VISIBLE<==
==>VALIDATION SUCCESSFUL//ELEMENT IS VISIBLE<==
==>VALIDATION SUCCESSFUL//ELEMENT IS VISIBLE<==
==>VALIDATION SUCCESSFUL//ELEMENT IS VISIBLE<==
==>VALIDATION SUCCESSFUL//ELEMENT IS VISIBLE<==
==>VALIDATION SUCCESSFUL//ELEMENT IS VISIBLE<==
==>VALIDATION SUCCESSFUL//ELEMENT IS VISIBLE<==]]>
  </system-out>
</testsuite> <!-- GHMC_Birth_Certificate_Service.Birth_Application_01 -->
